<?xml version="1.0" encoding="UTF-8"?>
<testng-results skipped="0" failed="0" total="2" passed="2">
  <reporter-output>
  </reporter-output>
  <suite name="Default suite" duration-ms="13189" started-at="2019-06-08T06:03:41Z" finished-at="2019-06-08T06:03:54Z">
    <groups>
    </groups>
    <test name="Default test" duration-ms="13189" started-at="2019-06-08T06:03:41Z" finished-at="2019-06-08T06:03:54Z">
      <class name="com.TestExecution.TestRunner">
        <test-method status="PASS" signature="firstexecution()[pri:0, instance:com.TestExecution.TestRunner@39ba5a14]" name="firstexecution" is-config="true" duration-ms="657" started-at="2019-06-08T11:33:40Z" finished-at="2019-06-08T11:33:41Z">
          <reporter-output>
          </reporter-output>
        </test-method> <!-- firstexecution -->
        <test-method status="PASS" signature="StartExecution()[pri:0, instance:com.TestExecution.TestRunner@39ba5a14]" name="StartExecution" duration-ms="8947" started-at="2019-06-08T11:33:41Z" finished-at="2019-06-08T11:33:50Z">
          <reporter-output>
          </reporter-output>
        </test-method> <!-- StartExecution -->
        <test-method status="PASS" signature="ApplyLeave()[pri:1, instance:com.TestExecution.TestRunner@39ba5a14]" name="ApplyLeave" duration-ms="4221" started-at="2019-06-08T11:33:50Z" finished-at="2019-06-08T11:33:54Z">
          <reporter-output>
          </reporter-output>
        </test-method> <!-- ApplyLeave -->
      </class> <!-- com.TestExecution.TestRunner -->
    </test> <!-- Default test -->
  </suite> <!-- Default suite -->
</testng-results>
